# JRE version: OpenJDK Runtime Environment OpenLogic-OpenJDK (17.0.14+7) (build 17.0.14+7-adhoc..jdk17u)
# Java VM: OpenJDK 64-Bit Server VM OpenLogic-OpenJDK (17.0.14+7-adhoc..jdk17u, mixed mode, sharing, tiered, compressed oops, compressed class ptrs, g1 gc, windows-amd64)
GC Precious Log:
 CPUs: 8 total, 8 available
 Memory: 12030M
 Large Page Support: Disabled
 NUMA Support: Disabled
 Compressed Oops: Enabled (Zero based)
 Heap Region Size: 2M
 Heap Min Capacity: 8M
 Heap Initial Capacity: 188M
 Heap Max Capacity: 3008M
 Pre-touch: Disabled
 Parallel Workers: 8
 Concurrent Workers: 2
 Concurrent Refinement Workers: 8
 Periodic GC: Disabled
Heap:
 garbage-first heap   total 225280K, used 81737K [0x0000000744000000, 0x0000000800000000)
  region size 2048K, 10 young (20480K), 4 survivors (8192K)
 Metaspace       used 29609K, committed 29888K, reserved 1114112K
  class space    used 3316K, committed 3456K, reserved 1048576K
GC Heap History (20 events):
Event: 13.404 GC heap before
{Heap before GC invocations=1 (full 0):
 garbage-first heap   total 192512K, used 32610K [0x0000000744000000, 0x0000000800000000)
  region size 2048K, 16 young (32768K), 2 survivors (4096K)
 Metaspace       used 9365K, committed 9536K, reserved 1114112K
  class space    used 1137K, committed 1216K, reserved 1048576K
}
Event: 13.409 GC heap after
{Heap after GC invocations=2 (full 0):
 garbage-first heap   total 192512K, used 5145K [0x0000000744000000, 0x0000000800000000)
  region size 2048K, 1 young (2048K), 1 survivors (2048K)
 Metaspace       used 9365K, committed 9536K, reserved 1114112K
  class space    used 1137K, committed 1216K, reserved 1048576K
}
Event: 16.594 GC heap before
{Heap before GC invocations=2 (full 0):
 garbage-first heap   total 192512K, used 117785K [0x0000000744000000, 0x0000000800000000)
  region size 2048K, 56 young (114688K), 1 survivors (2048K)
 Metaspace       used 15923K, committed 16064K, reserved 1114112K
  class space    used 1870K, committed 1920K, reserved 1048576K
}
Event: 16.608 GC heap after
{Heap after GC invocations=3 (full 0):
 garbage-first heap   total 192512K, used 13818K [0x0000000744000000, 0x0000000800000000)
  region size 2048K, 6 young (12288K), 6 survivors (12288K)
 Metaspace       used 15923K, committed 16064K, reserved 1114112K
  class space    used 1870K, committed 1920K, reserved 1048576K
}
Event: 19.237 GC heap before
{Heap before GC invocations=3 (full 0):
 garbage-first heap   total 192512K, used 116218K [0x0000000744000000, 0x0000000800000000)
  region size 2048K, 55 young (112640K), 6 survivors (12288K)
 Metaspace       used 21238K, committed 21504K, reserved 1114112K
  class space    used 2468K, committed 2624K, reserved 1048576K
}
Event: 19.251 GC heap after
{Heap after GC invocations=4 (full 0):
 garbage-first heap   total 192512K, used 24618K [0x0000000744000000, 0x0000000800000000)
  region size 2048K, 4 young (8192K), 4 survivors (8192K)
 Metaspace       used 21238K, committed 21504K, reserved 1114112K
  class space    used 2468K, committed 2624K, reserved 1048576K
}
Event: 20.208 GC heap before
{Heap before GC invocations=5 (full 0):
 garbage-first heap   total 96256K, used 73770K [0x0000000744000000, 0x0000000800000000)
  region size 2048K, 28 young (57344K), 4 survivors (8192K)
 Metaspace       used 25941K, committed 26240K, reserved 1114112K
  class space    used 2967K, committed 3136K, reserved 1048576K
}
Event: 20.224 GC heap after
{Heap after GC invocations=6 (full 0):
 garbage-first heap   total 102400K, used 41225K [0x0000000744000000, 0x0000000800000000)
  region size 2048K, 4 young (8192K), 4 survivors (8192K)
 Metaspace       used 25941K, committed 26240K, reserved 1114112K
  class space    used 2967K, committed 3136K, reserved 1048576K
}
Event: 20.241 GC heap before
{Heap before GC invocations=6 (full 0):
 garbage-first heap   total 102400K, used 43273K [0x0000000744000000, 0x0000000800000000)
  region size 2048K, 5 young (10240K), 4 survivors (8192K)
 Metaspace       used 25943K, committed 26240K, reserved 1114112K
  class space    used 2967K, committed 3136K, reserved 1048576K
}
Event: 20.248 GC heap after
{Heap after GC invocations=7 (full 0):
 garbage-first heap   total 102400K, used 43221K [0x0000000744000000, 0x0000000800000000)
  region size 2048K, 1 young (2048K), 1 survivors (2048K)
 Metaspace       used 25943K, committed 26240K, reserved 1114112K
  class space    used 2967K, committed 3136K, reserved 1048576K
}
Event: 20.704 GC heap before
{Heap before GC invocations=7 (full 0):
 garbage-first heap   total 102400K, used 71893K [0x0000000744000000, 0x0000000800000000)
  region size 2048K, 15 young (30720K), 1 survivors (2048K)
 Metaspace       used 26300K, committed 26560K, reserved 1114112K
  class space    used 3010K, committed 3136K, reserved 1048576K
}
Event: 20.712 GC heap after
{Heap after GC invocations=8 (full 0):
 garbage-first heap   total 102400K, used 51200K [0x0000000744000000, 0x0000000800000000)
  region size 2048K, 2 young (4096K), 2 survivors (4096K)
 Metaspace       used 26300K, committed 26560K, reserved 1114112K
  class space    used 3010K, committed 3136K, reserved 1048576K
}
Event: 20.965 GC heap before
{Heap before GC invocations=8 (full 0):
 garbage-first heap   total 102400K, used 73728K [0x0000000744000000, 0x0000000800000000)
  region size 2048K, 13 young (26624K), 2 survivors (4096K)
 Metaspace       used 26763K, committed 27072K, reserved 1114112K
  class space    used 3035K, committed 3200K, reserved 1048576K
}
Event: 20.978 GC heap after
{Heap after GC invocations=9 (full 0):
 garbage-first heap   total 102400K, used 56404K [0x0000000744000000, 0x0000000800000000)
  region size 2048K, 2 young (4096K), 2 survivors (4096K)
 Metaspace       used 26763K, committed 27072K, reserved 1114112K
  class space    used 3035K, committed 3200K, reserved 1048576K
}
Event: 21.136 GC heap before
{Heap before GC invocations=10 (full 0):
 garbage-first heap   total 112640K, used 78932K [0x0000000744000000, 0x0000000800000000)
  region size 2048K, 12 young (24576K), 2 survivors (4096K)
 Metaspace       used 26906K, committed 27200K, reserved 1114112K
  class space    used 3045K, committed 3200K, reserved 1048576K
}
Event: 21.149 GC heap after
{Heap after GC invocations=11 (full 0):
 garbage-first heap   total 112640K, used 62450K [0x0000000744000000, 0x0000000800000000)
  region size 2048K, 2 young (4096K), 2 survivors (4096K)
 Metaspace       used 26906K, committed 27200K, reserved 1114112K
  class space    used 3045K, committed 3200K, reserved 1048576K
}
Event: 21.168 GC heap before
{Heap before GC invocations=11 (full 0):
 garbage-first heap   total 112640K, used 72690K [0x0000000744000000, 0x0000000800000000)
  region size 2048K, 8 young (16384K), 2 survivors (4096K)
 Metaspace       used 26907K, committed 27200K, reserved 1114112K
  class space    used 3045K, committed 3200K, reserved 1048576K
}
Event: 21.175 GC heap after
{Heap after GC invocations=12 (full 0):
 garbage-first heap   total 225280K, used 64238K [0x0000000744000000, 0x0000000800000000)
  region size 2048K, 1 young (2048K), 1 survivors (2048K)
 Metaspace       used 26907K, committed 27200K, reserved 1114112K
  class space    used 3045K, committed 3200K, reserved 1048576K
}
Event: 22.697 GC heap before
{Heap before GC invocations=12 (full 0):
 garbage-first heap   total 225280K, used 156398K [0x0000000744000000, 0x0000000800000000)
  region size 2048K, 44 young (90112K), 1 survivors (2048K)
 Metaspace       used 29544K, committed 29888K, reserved 1114112K
  class space    used 3305K, committed 3456K, reserved 1048576K
}
Event: 22.706 GC heap after
{Heap after GC invocations=13 (full 0):
 garbage-first heap   total 225280K, used 71497K [0x0000000744000000, 0x0000000800000000)
  region size 2048K, 4 young (8192K), 4 survivors (8192K)
 Metaspace       used 29544K, committed 29888K, reserved 1114112K
  class space    used 3305K, committed 3456K, reserved 1048576K
}

